<?xml version="1.0" encoding="utf-8"?><testsuites name="pytest tests"><testsuite name="pytest" errors="0" failures="1" skipped="0" tests="6" time="4.250" timestamp="2026-09-10T09:47:10.185426+00:00" hostname="agent-env-37c85a7b-c3e7-456c-9488-9fc8c927ee79"><testcase classname="tests.test_enquiry" name="test_honeypot_returns_ok_silently" time="0.173" /><testcase classname="tests.test_enquiry" name="test_too_fast_submit_returns_ok_silently" time="0.129" /><testcase classname="tests.test_enquiry" name="test_invalid_email_returns_422" time="0.138" /><testcase classname="tests.test_enquiry" name="test_short_message_returns_422" time="0.200" /><testcase classname="tests.test_enquiry" name="test_empty_name_returns_422" time="0.118" /><testcase classname="tests.test_enquiry" name="test_valid_submit_and_rate_limit" time="2.938"><failure message="AssertionError: Expected 429 rate limit; got 8 successes without limit&#10;assert False">backend/tests/test_enquiry.py:72: in test_valid_submit_and_rate_limit
    assert saw_429, f"Expected 429 rate limit; got {saw_200} successes without limit"
E   AssertionError: Expected 429 rate limit; got 8 successes without limit
E   assert False</failure></testcase></testsuite></testsuites>